c:\project c++\2 курс 1 сем\аисд\semester_project\debug\vc142.pdb
c:\project c++\2 курс 1 сем\аисд\semester_project\debug\vc142.idb
c:\project c++\2 курс 1 сем\аисд\semester_project\debug\semester_project.obj
c:\project c++\2 курс 1 сем\аисд\semester_project\debug\queue.obj
c:\project c++\2 курс 1 сем\аисд\semester_project\debug\formation_elements.obj
c:\project c++\2 курс 1 сем\аисд\semester_project\debug\element.obj
c:\project c++\2 курс 1 сем\аисд\semester_project\debug\checking_input.obj
c:\project c++\2 курс 1 сем\аисд\semester_project\debug\stack.obj
c:\project c++\2 курс 1 сем\аисд\semester_project\debug\semester_project test.exp
c:\project c++\2 курс 1 сем\аисд\semester_project\debug\semester_project test.pdb
c:\project c++\2 курс 1 сем\аисд\semester_project\debug\semester_project.pdb
c:\project c++\2 курс 1 сем\аисд\semester_project\debug\semester_project.tlog\cl.command.1.tlog
c:\project c++\2 курс 1 сем\аисд\semester_project\debug\semester_project.tlog\cl.read.1.tlog
c:\project c++\2 курс 1 сем\аисд\semester_project\debug\semester_project.tlog\cl.write.1.tlog
c:\project c++\2 курс 1 сем\аисд\semester_project\debug\semester_project.tlog\link-cvtres.read.1.tlog
c:\project c++\2 курс 1 сем\аисд\semester_project\debug\semester_project.tlog\link-cvtres.write.1.tlog
c:\project c++\2 курс 1 сем\аисд\semester_project\debug\semester_project.tlog\link-rc.read.1.tlog
c:\project c++\2 курс 1 сем\аисд\semester_project\debug\semester_project.tlog\link-rc.write.1.tlog
c:\project c++\2 курс 1 сем\аисд\semester_project\debug\semester_project.tlog\link.command.1.tlog
c:\project c++\2 курс 1 сем\аисд\semester_project\debug\semester_project.tlog\link.read.1.tlog
c:\project c++\2 курс 1 сем\аисд\semester_project\debug\semester_project.tlog\link.write.1.tlog
